<?xml version="1.0" encoding="UTF-8"?>
<!-- Generated by org.testng.reporters.JUnitReportReporter -->
<testsuite hostname="Innovacx-UNVPNSI812M1647639" failures="0" tests="1" name="Launch_Browser" time="3.378" errors="0" timestamp="2022-09-17T16:54:38 IST" skipped="0">
  <testcase classname="Launch_Browser" name="amazonTest" time="3.378"/>
  <system-out/>
</testsuite> <!-- Launch_Browser -->
