<?xml version="1.0" encoding="UTF-8"?>
<!-- Generated by org.testng.reporters.JUnitReportReporter -->
<testsuite hostname="Innovacx-UNVPNSI812M1647639" failures="0" tests="1" name="com.org.test.hello" time="3.485" errors="0" timestamp="2022-09-18T11:36:43 IST" skipped="0">
  <testcase classname="com.org.test.hello" name="mytest" time="3.485"/>
  <system-out/>
</testsuite> <!-- com.org.test.hello -->
