<?xml version="1.0" encoding="UTF-8"?>
<!-- Generated by org.testng.reporters.JUnitReportReporter -->
<testsuite hostname="Innovacx-UNVPNSI812M1647639" failures="0" tests="1" name="hello" time="3.769" errors="0" timestamp="2022-09-18T11:26:57 IST" skipped="0">
  <testcase classname="hello" name="mytest" time="3.769"/>
  <system-out/>
</testsuite> <!-- hello -->
