<?xml version="1.0" encoding="UTF-8"?>
<!-- Generated by org.testng.reporters.JUnitReportReporter -->
<testsuite hostname="Innovacx-UNVPNSI812M1647639" failures="0" tests="1" name="com.org.hello" time="2.990" errors="0" timestamp="2022-09-19T23:07:37 IST" skipped="0">
  <testcase classname="com.org.hello" name="mytest" time="2.990"/>
  <system-out/>
</testsuite> <!-- com.org.hello -->
